main.py - INFO - Starting Browser
main.py - INFO - Navigating to map
main.py - DEBUG - Done Navigateing
main.py - DEBUG - Opticron_PlaceBuy(Company='BEVERLEY CAMERA CENTRE LTD', Address='17 SWABYS YARD', Town='BEVERLEY', Postalcode='HU17 9BZ', Telephone='01482 868243', Web='https://www.beverleycameracentre.co.uk', Type='B')
main.py - DEBUG - Opticron_PlaceBuy(Company='BRISTOL CAMERAS LTD', Address='47 HIGH STREET', Town='BRISTOL', Postalcode='BS1 2AZ', Telephone='01179 290435', Web='https://www.bristolcameras.co.uk', Type='B')
main.py - DEBUG - Opticron_PlaceBuy(Company='THE WILDLIFE TRUST BCN', Address='NENE WETLANDS VISITOR CENTRE', Town='RUSHDEN', Postalcode='NN10 6FA', Telephone='07903 029914', Web='https://www.wildlifebcn.org/nene-wetlands', Type='B')
main.py - DEBUG - Opticron_PlaceBuy(Company='CAMBRIAN PHOTOGRAPHY', Address='87 ABERGELE ROAD', Town='COLWYN BAY', Postalcode='LL29 7SA', Telephone='01492 532510', Web='https://www.cambrianphoto.co.uk', Type='B')
main.py - DEBUG - Opticron_PlaceBuy(Company='CAMERATIKS', Address='122 MORNINGSIDE ROAD', Town='EDINBURGH', Postalcode='EH10 4BX', Telephone='0131 4472712', Web='https://www.cameratiks.co.uk', Type='B')
main.py - DEBUG - Opticron_PlaceBuy(Company='CAMERAS PLUS', Address='17A GOLD STREET', Town='TIVERTON', Postalcode='EX16 6QB', Telephone='01884 255228', Web='https://www.camerasplus.co.uk', Type='B')
main.py - DEBUG - Opticron_PlaceBuy(Company='CLOCK TOWER CAMERAS', Address='32 CHURCH ST', Town='BRIGHTON', Postalcode='BN1 1RL', Telephone='01273 706010', Web='https://www.clocktowercameras.co.uk', Type='B')
main.py - DEBUG - Opticron_PlaceBuy(Company='JOSEPH COWPER LTD', Address='50 KING STREET', Town='PENRITH', Postalcode='CA11 7AY', Telephone='01768 862063', Web='https://www.cowperspenrith.co.uk', Type='B')
main.py - DEBUG - Opticron_PlaceBuy(Company='DEPICTURE PHOTOSHOP', Address='28 MARKET STREET', Town='FALMOUTH', Postalcode='TR11 3AT', Telephone='01326 211363', Web='https://www.photoshopcornwall.com', Type='B')
main.py - DEBUG - Opticron_PlaceBuy(Company='LOCKLEY LODGE WELSH WILDLIFE TRUST', Address="MARTIN'S HAVEN", Town='HAVERFORDWEST', Postalcode='SA62 3BJ', Telephone='01646 636800', Web='https://www.welshwildlife.org/visitor-centres/lockley-lodge', Type='B')
main.py - DEBUG - Opticron_PlaceBuy(Company='R. DOUGLAS', Address='THE BANK', Town='ISLES OF SCILLY', Postalcode='TR21 0HY', Telephone='01720 422403', Web='B', Type='B')
main.py - DEBUG - Opticron_PlaceBuy(Company='WILDCARE', Address='EASTGATE HOUSE', Town='LONGBOROUGH', Postalcode='GL56 0QJ', Telephone='01451 833181', Web='https://www.wildcare.co.uk', Type='B')
main.py - DEBUG - Opticron_PlaceBuy(Company='J GOULD & SON LTD', Address='82 ABBEY STREET', Town='BANGOR', Postalcode='BT20 4JB', Telephone='028 91271091', Web='B', Type='B')
main.py - DEBUG - Opticron_PlaceBuy(Company='HOMELEIGH GARDEN CENTRE LTD', Address='DUTSON ROAD', Town='LAUNCESTON', Postalcode='PL15 9SP', Telephone='01566 773147', Web='https://www.homeleigh.co.uk', Type='B')
main.py - DEBUG - Opticron_PlaceBuy(Company='INTERSHOOT', Address='UNIT E11 OMAGH BUSINESS COMPLEX', Town='OMAGH', Postalcode='BT78 5LU', Telephone='028 82257509', Web='https://www.intershoot.co.uk', Type='B')
main.py - DEBUG - Opticron_PlaceBuy(Company='D H JAMES', Address='3 SADLER STREET', Town='WELLS', Postalcode='BA5 2RR', Telephone='01749 678782', Web='https://www.dhjames.co.uk', Type='B')
main.py - DEBUG - Opticron_PlaceBuy(Company='LONDON CAMERA EXCHANGE', Address='7 STATION ROAD', Town='READING', Postalcode='RG1 1LG', Telephone='0118 9592149', Web='https://www.lcegroup.co.uk', Type='B')
main.py - DEBUG - Opticron_PlaceBuy(Company='LONDON CAMERA EXCHANGE', Address='10-12 PROMENADE', Town='CHELTENHAM', Postalcode='GL50 1LR', Telephone='01242 519851', Web='https://www.lcegroup.co.uk', Type='B')
main.py - DEBUG - Opticron_PlaceBuy(Company='LONDON CAMERA EXCHANGE', Address='174 FORE STREET', Town='EXETER', Postalcode='EX4 3AX', Telephone='01392 279024', Web='https://www.lcegroup.co.uk', Type='B')
main.py - DEBUG - Opticron_PlaceBuy(Company="MARRIOTT'S PHOTO STORE", Address='42 WHITE ROCK', Town='HASTINGS', Postalcode='TN34 1JL', Telephone='01424 436933', Web='http://marriottsphotostores.co.uk', Type='B')
main.py - DEBUG - Opticron_PlaceBuy(Company='MASSERS CAMERA SHOP', Address='30 WHEELGATE', Town='MALTON', Postalcode='YO17 7HP', Telephone='01653 692468', Web='B', Type='B')
main.py - DEBUG - Opticron_PlaceBuy(Company='MATHERS PHOTOGRAPHIC LTD', Address='23 MARKET STREET', Town='BOLTON', Postalcode='BL1 1BU', Telephone='01204 522186', Web='https://www.mathersoflancashire.co.uk', Type='B')
main.py - DEBUG - Opticron_PlaceBuy(Company='MAGEES PHARMACY', Address='27 UPPER MAIN STREET', Town='LETTERKENNY', Postalcode='00 353 74 9121409', Telephone='https://magees.ie', Web='B', Type='B')
main.py - DEBUG - Opticron_PlaceBuy(Company='NEWTON & NEWTON LTD', Address='3 COLOMBERIE PARADE', Town='JE2 4QA', Postalcode='01534 733697', Telephone='B', Web='No website Data', Type='No type Data')
main.py - DEBUG - Opticron_PlaceBuy(Company='NATUREQUEST', Address='YSTRAD MEURIG', Town='CEREDIGION', Postalcode='SY25 6AA', Telephone='07752 926145', Web='https://www.naturequest.co.uk', Type='B')
main.py - DEBUG - Opticron_PlaceBuy(Company='R J PARKER & SON', Address='9-11 PORTSMOUTH ROAD', Town='WOOLSTON', Postalcode='SO19 9RN', Telephone='023 80434137', Web='https://www.parkers-photo.com', Type='B')
main.py - DEBUG - Opticron_PlaceBuy(Company='ST IVES CAMERA COMPANY', Address='49 FORE STREET', Town='ST. IVES', Postalcode='TR26 1HE', Telephone='01736 795276', Web='https://www.stivescameracompany.co.uk', Type='B')
main.py - DEBUG - Opticron_PlaceBuy(Company='SCOTTISH SEABIRD CENTRE', Address='THE HARBOUR', Town='NORTH BERWICK', Postalcode='EH39 4SS', Telephone='01620 890202', Web='https://www.seabird.org', Type='B')
main.py - DEBUG - Opticron_PlaceBuy(Company='WEX PHOTO VIDEO', Address='FRENBURY ESTATE', Town='NORWICH', Postalcode='NR6 5DP', Telephone='01603 481933', Web='https://www.wexphotovideo.com', Type='B')
main.py - DEBUG - Opticron_PlaceBuy(Company='WESSEX PHOTOGRAPHIC', Address='9 SALISBURY STREET', Town='BLANDFORD FORUM', Postalcode='DT11 7AU', Telephone='01258 458811', Web='https://www.wessexphoto.com', Type='B')
main.py - DEBUG - Opticron_PlaceBuy(Company='GALWAY CAMERA', Address='1 WILLIAM STREET', Town='GALWAY', Postalcode='00 353 91 565 678', Telephone='https://www.galwaycamerashop.com', Web='B', Type='B')
main.py - INFO - Saveing data...
main.py - DEBUG - Done saveing...
main.py - DEBUG - Opticron_Events(Event_Location='Summer Leys Visitor Centre', Town='Wollaston', Country='Northamptonshire', Postcode='NN29 7TD')
main.py - DEBUG - Opticron_Events(Event_Location='Summer Leys Visitor Centre', Town='Wollaston', Country='Northamptonshire', Postcode='NN29 7TD')
main.py - DEBUG - Opticron_Events(Event_Location='Summer Leys Visitor Centre', Town='Wollaston', Country='Northamptonshire', Postcode='NN29 7TD')
main.py - DEBUG - Opticron_Events(Event_Location='Wild Chesil Centre', Town='Portland', Country='Dorset', Postcode='DT4 9XE')
main.py - DEBUG - Opticron_Events(Event_Location='Wild Chesil Centre', Town='Portland', Country='Dorset', Postcode='DT4 9XE')
main.py - DEBUG - Opticron_Events(Event_Location='Wild Chesil Centre', Town='Portland', Country='Dorset', Postcode='DT4 9XE')
main.py - DEBUG - Opticron_Events(Event_Location='Blashford Lakes Nature Reserve', Town='Ringwood', Country='Hampshire', Postcode='BH24 3PJ')
main.py - DEBUG - Opticron_Events(Event_Location='Blashford Lakes Nature Reserve', Town='Ringwood', Country='Hampshire', Postcode='BH24 3PJ')
main.py - DEBUG - Opticron_Events(Event_Location='Blashford Lakes Nature Reserve', Town='Ringwood', Country='Hampshire', Postcode='BH24 3PJ')
main.py - DEBUG - Opticron_Events(Event_Location='College Lake Visitor Centre', Town='Tring', Country='Hertfordshire', Postcode='HP23 5QG')
main.py - DEBUG - Opticron_Events(Event_Location='College Lake Visitor Centre', Town='Tring', Country='Hertfordshire', Postcode='HP23 5QG')
main.py - DEBUG - Opticron_Events(Event_Location='College Lake Visitor Centre', Town='Tring', Country='Hertfordshire', Postcode='HP23 5QG')
main.py - DEBUG - Opticron_Events(Event_Location='Global Birdfair', Town='Oakham', Country='Rutland', Postcode='LE15 7TW')
main.py - DEBUG - Opticron_Events(Event_Location='Global Birdfair', Town='Oakham', Country='Rutland', Postcode='LE15 7TW')
main.py - DEBUG - Opticron_Events(Event_Location='Global Birdfair', Town='Oakham', Country='Rutland', Postcode='LE15 7TW')
main.py - DEBUG - Opticron_Events(Event_Location='Tophill Low Nature Reserve', Town='Driffield', Country='Yorkshire', Postcode='YO25 9RH')
main.py - DEBUG - Opticron_Events(Event_Location='Tophill Low Nature Reserve', Town='Driffield', Country='Yorkshire', Postcode='YO25 9RH')
main.py - DEBUG - Opticron_Events(Event_Location='Tophill Low Nature Reserve', Town='Driffield', Country='Yorkshire', Postcode='YO25 9RH')
main.py - DEBUG - Opticron_Events(Event_Location='Hauxley Nature Reserve', Town='Alnwick', Country='Northumberland', Postcode='NE65 0JR')
main.py - DEBUG - Opticron_Events(Event_Location='Hauxley Nature Reserve', Town='Alnwick', Country='Northumberland', Postcode='NE65 0JR')
main.py - DEBUG - Opticron_Events(Event_Location='Hauxley Nature Reserve', Town='Alnwick', Country='Northumberland', Postcode='NE65 0JR')
main.py - DEBUG - Opticron_Events(Event_Location='Portland Bird Observatory', Town='Portland', Country='Dorset', Postcode='DT5 2JT')
main.py - DEBUG - Opticron_Events(Event_Location='Portland Bird Observatory', Town='Portland', Country='Dorset', Postcode='DT5 2JT')
main.py - DEBUG - Opticron_Events(Event_Location='Portland Bird Observatory', Town='Portland', Country='Dorset', Postcode='DT5 2JT')
main.py - DEBUG - Opticron_Events(Event_Location='Stanpit Marsh Nature Reserve', Town='Christchurch', Country='Dorset', Postcode='BH23 3ND')
main.py - DEBUG - Opticron_Events(Event_Location='Stanpit Marsh Nature Reserve', Town='Christchurch', Country='Dorset', Postcode='BH23 3ND')
main.py - DEBUG - Opticron_Events(Event_Location='Stanpit Marsh Nature Reserve', Town='Christchurch', Country='Dorset', Postcode='BH23 3ND')
main.py - DEBUG - Opticron_Events(Event_Location='North Cave Wetlands', Town='Brough', Country='Yorkshire', Postcode='HU15 2LY')
main.py - DEBUG - Opticron_Events(Event_Location='North Cave Wetlands', Town='Brough', Country='Yorkshire', Postcode='HU15 2LY')
main.py - DEBUG - Opticron_Events(Event_Location='North Cave Wetlands', Town='Brough', Country='Yorkshire', Postcode='HU15 2LY')
main.py - DEBUG - Opticron_Events(Event_Location='Nene Wetlands Visitor Centre', Town='Rushden', Country='Northamptonshire', Postcode='NN10 6FA')
main.py - INFO - Saveing data...
main.py - DEBUG - Done saveing...
